<?xml version="1.0" encoding="UTF-8"?>
<testsuite xmlns:xsi="http://www.w3.org/2001/XMLSchema-instance" xsi:noNamespaceSchemaLocation="https://maven.apache.org/surefire/maven-surefire-plugin/xsd/surefire-test-report.xsd" name="assignment.controller.UserControllerTest" time="2.772" tests="6" errors="0" skipped="0" failures="0">
  <properties>
[...]
</properties>
  <testcase name="testUpdateUserNotFound" classname="assignment.controller.UserControllerTest" time="2.654"/>
  <testcase name="testSearchUsersWithoutQuery" classname="assignment.controller.UserControllerTest" time="0.01"/>
  <testcase name="testGetAllUsers" classname="assignment.controller.UserControllerTest" time="0.006"/>
  <testcase name="testUpdateUser" classname="assignment.controller.UserControllerTest" time="0.011"/>
  <testcase name="testSearchUsersWithQuery" classname="assignment.controller.UserControllerTest" time="0.003"/>
  <testcase name="testCreateUser" classname="assignment.controller.UserControllerTest" time="0.004"/>
</testsuite>